<?xml version="1.0" encoding="UTF-8"?>
<testsuite name="com.gemengine.component.common.ComponentTest" tests="4" skipped="0" failures="0" errors="0" timestamp="2018-03-27T17:48:24" hostname="dragos-pc" time="0.429">
  <properties/>
  <testcase name="checkComponentProperties" classname="com.gemengine.component.common.ComponentTest" time="0.376"/>
  <testcase name="rootComponentTest" classname="com.gemengine.component.common.ComponentTest" time="0.002"/>
  <testcase name="componentRemoveChildrenTest" classname="com.gemengine.component.common.ComponentTest" time="0.004"/>
  <testcase name="createComponentWithDependency" classname="com.gemengine.component.common.ComponentTest" time="0.045"/>
  <system-out><![CDATA[]]></system-out>
  <system-err><![CDATA[]]></system-err>
</testsuite>
