<?xml version="1.0" encoding="UTF-8"?>
<testsuite name="com.gemengine.system.common.SystemTest" tests="1" skipped="0" failures="0" errors="0" timestamp="2018-03-25T22:13:03" hostname="dragos-pc" time="0.011">
  <properties/>
  <testcase name="addAndRemoveTestSystem" classname="com.gemengine.system.common.SystemTest" time="0.011"/>
  <system-out><![CDATA[]]></system-out>
  <system-err><![CDATA[]]></system-err>
</testsuite>
